app/build/intermediates/manifest_merge_blame_file/debug/processDebugMainManifest/manifest-merger-blame-debug-report.txt
1<?xml version="1.0" encoding="utf-8"?>
2<manifest xmlns:android="http://schemas.android.com/apk/res/android"
3    package="com.example.wellbe"
4    android:versionCode="1"
5    android:versionName="1.0" >
6
7    <uses-sdk
8        android:minSdkVersion="30"
9        android:targetSdkVersion="36" />
10
11    <!-- Permissions -->
12    <uses-permission android:name="android.permission.RECEIVE_BOOT_COMPLETED" />
12-->src\main\AndroidManifest.xml:6:5-81
12-->src\main\AndroidManifest.xml:6:22-78
13    <uses-permission android:name="android.permission.ACTIVITY_RECOGNITION" />
13-->src\main\AndroidManifest.xml:7:5-79
13-->src\main\AndroidManifest.xml:7:22-76
14    <uses-permission android:name="android.permission.FOREGROUND_SERVICE" />
14-->src\main\AndroidManifest.xml:8:5-77
14-->src\main\AndroidManifest.xml:8:22-74
15    <uses-permission android:name="android.permission.WAKE_LOCK" />
15-->src\main\AndroidManifest.xml:9:5-68
15-->src\main\AndroidManifest.xml:9:22-65
16    <uses-permission android:name="android.permission.INTERNET" />
16-->src\main\AndroidManifest.xml:11:5-66
16-->src\main\AndroidManifest.xml:11:22-64
17    <uses-permission android:name="android.permission.ACCESS_FINE_LOCATION" />
17-->src\main\AndroidManifest.xml:12:5-78
17-->src\main\AndroidManifest.xml:12:22-76
18    <uses-permission android:name="android.permission.ACCESS_COARSE_LOCATION" />
18-->src\main\AndroidManifest.xml:13:5-80
18-->src\main\AndroidManifest.xml:13:22-78
19    <!-- Include required permissions for Google Maps API to run. -->
20    <uses-permission android:name="android.permission.ACCESS_NETWORK_STATE" />
20-->[com.google.android.gms:play-services-maps:18.2.0] AndroidManifest.xml:23:5-79
20-->[com.google.android.gms:play-services-maps:18.2.0] AndroidManifest.xml:23:22-76
21
22    <uses-feature
22-->[com.google.android.gms:play-services-maps:18.2.0] AndroidManifest.xml:26:5-28:35
23        android:glEsVersion="0x00020000"
23-->[com.google.android.gms:play-services-maps:18.2.0] AndroidManifest.xml:27:9-41
24        android:required="true" />
24-->[com.google.android.gms:play-services-maps:18.2.0] AndroidManifest.xml:28:9-32
25
26    <queries>
26-->[com.google.android.gms:play-services-maps:18.2.0] AndroidManifest.xml:30:5-34:15
27
28        <!-- Needs to be explicitly declared on Android R+ -->
29        <package android:name="com.google.android.apps.maps" />
29-->[com.google.android.gms:play-services-maps:18.2.0] AndroidManifest.xml:33:9-64
29-->[com.google.android.gms:play-services-maps:18.2.0] AndroidManifest.xml:33:18-61
30    </queries>
31
32    <permission
32-->[androidx.core:core:1.17.0] AndroidManifest.xml:22:5-24:47
33        android:name="com.example.wellbe.DYNAMIC_RECEIVER_NOT_EXPORTED_PERMISSION"
33-->[androidx.core:core:1.17.0] AndroidManifest.xml:23:9-81
34        android:protectionLevel="signature" />
34-->[androidx.core:core:1.17.0] AndroidManifest.xml:24:9-44
35
36    <uses-permission android:name="com.example.wellbe.DYNAMIC_RECEIVER_NOT_EXPORTED_PERMISSION" />
36-->[androidx.core:core:1.17.0] AndroidManifest.xml:26:5-97
36-->[androidx.core:core:1.17.0] AndroidManifest.xml:26:22-94
37
38    <application
38-->src\main\AndroidManifest.xml:18:5-86:19
39        android:allowBackup="true"
39-->src\main\AndroidManifest.xml:19:9-35
40        android:appComponentFactory="androidx.core.app.CoreComponentFactory"
40-->[androidx.core:core:1.17.0] AndroidManifest.xml:28:18-86
41        android:debuggable="true"
42        android:extractNativeLibs="false"
43        android:icon="@mipmap/ic_launcher"
43-->src\main\AndroidManifest.xml:20:9-43
44        android:label="WellBe"
44-->src\main\AndroidManifest.xml:21:9-31
45        android:roundIcon="@mipmap/ic_launcher_round"
45-->src\main\AndroidManifest.xml:22:9-54
46        android:supportsRtl="true"
46-->src\main\AndroidManifest.xml:23:9-35
47        android:testOnly="true"
48        android:theme="@style/Theme.WellBe" >
48-->src\main\AndroidManifest.xml:24:9-44
49
50        <!-- Google Maps API Key -->
51
52        <meta-data
52-->src\main\AndroidManifest.xml:28:9-30:48
53            android:name="com.google.android.geo.API_KEY"
53-->src\main\AndroidManifest.xml:29:13-58
54            android:value="YOUR_API_KEY_HERE" />
54-->src\main\AndroidManifest.xml:30:13-46
55
56        <!-- Reset Receiver (for daily reset at midnight) -->
57        <receiver
57-->src\main\AndroidManifest.xml:34:9-43:20
58            android:name="com.example.wellbe.receiver.ResetReceiver"
58-->src\main\AndroidManifest.xml:35:13-51
59            android:enabled="true"
59-->src\main\AndroidManifest.xml:36:13-35
60            android:exported="false" >
60-->src\main\AndroidManifest.xml:37:13-37
61            <intent-filter>
61-->src\main\AndroidManifest.xml:38:13-42:29
62                <action android:name="android.intent.action.DATE_CHANGED" />
62-->src\main\AndroidManifest.xml:39:17-76
62-->src\main\AndroidManifest.xml:39:25-74
63                <action android:name="android.intent.action.TIME_SET" />
63-->src\main\AndroidManifest.xml:40:17-72
63-->src\main\AndroidManifest.xml:40:25-70
64                <action android:name="android.intent.action.TIMEZONE_CHANGED" />
64-->src\main\AndroidManifest.xml:41:17-80
64-->src\main\AndroidManifest.xml:41:25-78
65            </intent-filter>
66        </receiver>
67
68        <!-- Splash screen -->
69        <activity
69-->src\main\AndroidManifest.xml:46:9-53:20
70            android:name="com.example.wellbe.SplashActivity"
70-->src\main\AndroidManifest.xml:47:13-43
71            android:exported="true" >
71-->src\main\AndroidManifest.xml:48:13-36
72            <intent-filter>
72-->src\main\AndroidManifest.xml:49:13-52:29
73                <action android:name="android.intent.action.MAIN" />
73-->src\main\AndroidManifest.xml:50:17-69
73-->src\main\AndroidManifest.xml:50:25-66
74
75                <category android:name="android.intent.category.LAUNCHER" />
75-->src\main\AndroidManifest.xml:51:17-77
75-->src\main\AndroidManifest.xml:51:27-74
76            </intent-filter>
77        </activity>
78
79        <!-- Onboarding -->
80        <activity
80-->src\main\AndroidManifest.xml:56:9-58:39
81            android:name="com.example.wellbe.OnboardingActivity"
81-->src\main\AndroidManifest.xml:57:13-47
82            android:exported="true" />
82-->src\main\AndroidManifest.xml:58:13-36
83
84        <!-- Main Activity (fragments) -->
85        <activity
85-->src\main\AndroidManifest.xml:61:9-63:39
86            android:name="com.example.wellbe.MainActivity"
86-->src\main\AndroidManifest.xml:62:13-41
87            android:exported="true" />
87-->src\main\AndroidManifest.xml:63:13-36
88
89        <!-- Habit Progress Widget -->
90        <receiver
90-->src\main\AndroidManifest.xml:68:9-84:20
91            android:name="com.example.wellbe.widget.HabitWidgetProvider"
91-->src\main\AndroidManifest.xml:69:13-55
92            android:exported="true"
92-->src\main\AndroidManifest.xml:70:13-36
93            android:label="Habit Progress" >
93-->src\main\AndroidManifest.xml:71:13-43
94            <intent-filter>
94-->src\main\AndroidManifest.xml:72:13-74:29
95                <action android:name="android.appwidget.action.APPWIDGET_UPDATE" />
95-->src\main\AndroidManifest.xml:73:17-84
95-->src\main\AndroidManifest.xml:73:25-81
96            </intent-filter>
97
98            <meta-data
98-->src\main\AndroidManifest.xml:76:13-78:61
99                android:name="android.appwidget.provider"
99-->src\main\AndroidManifest.xml:77:17-58
100                android:resource="@xml/habit_widget_info" />
100-->src\main\AndroidManifest.xml:78:17-58
101            <meta-data
101-->src\main\AndroidManifest.xml:28:9-30:48
102                android:name="com.google.android.geo.API_KEY"
102-->src\main\AndroidManifest.xml:29:13-58
103                android:value="YOUR_REAL_API_KEY_HERE" />
103-->src\main\AndroidManifest.xml:30:13-46
104        </receiver>
105
106        <!-- Needs to be explicitly declared on P+ -->
107        <uses-library
107-->[com.google.android.gms:play-services-maps:18.2.0] AndroidManifest.xml:39:9-41:40
108            android:name="org.apache.http.legacy"
108-->[com.google.android.gms:play-services-maps:18.2.0] AndroidManifest.xml:40:13-50
109            android:required="false" />
109-->[com.google.android.gms:play-services-maps:18.2.0] AndroidManifest.xml:41:13-37
110
111        <activity
111-->[com.google.android.gms:play-services-base:18.1.0] AndroidManifest.xml:20:9-22:45
112            android:name="com.google.android.gms.common.api.GoogleApiActivity"
112-->[com.google.android.gms:play-services-base:18.1.0] AndroidManifest.xml:20:19-85
113            android:exported="false"
113-->[com.google.android.gms:play-services-base:18.1.0] AndroidManifest.xml:22:19-43
114            android:theme="@android:style/Theme.Translucent.NoTitleBar" />
114-->[com.google.android.gms:play-services-base:18.1.0] AndroidManifest.xml:21:19-78
115
116        <meta-data
116-->[com.google.android.gms:play-services-basement:18.1.0] AndroidManifest.xml:21:9-23:69
117            android:name="com.google.android.gms.version"
117-->[com.google.android.gms:play-services-basement:18.1.0] AndroidManifest.xml:22:13-58
118            android:value="@integer/google_play_services_version" />
118-->[com.google.android.gms:play-services-basement:18.1.0] AndroidManifest.xml:23:13-66
119
120        <provider
120-->[androidx.emoji2:emoji2:1.3.0] AndroidManifest.xml:24:9-32:20
121            android:name="androidx.startup.InitializationProvider"
121-->[androidx.emoji2:emoji2:1.3.0] AndroidManifest.xml:25:13-67
122            android:authorities="com.example.wellbe.androidx-startup"
122-->[androidx.emoji2:emoji2:1.3.0] AndroidManifest.xml:26:13-68
123            android:exported="false" >
123-->[androidx.emoji2:emoji2:1.3.0] AndroidManifest.xml:27:13-37
124            <meta-data
124-->[androidx.emoji2:emoji2:1.3.0] AndroidManifest.xml:29:13-31:52
125                android:name="androidx.emoji2.text.EmojiCompatInitializer"
125-->[androidx.emoji2:emoji2:1.3.0] AndroidManifest.xml:30:17-75
126                android:value="androidx.startup" />
126-->[androidx.emoji2:emoji2:1.3.0] AndroidManifest.xml:31:17-49
127            <meta-data
127-->[androidx.lifecycle:lifecycle-process:2.6.2] AndroidManifest.xml:29:13-31:52
128                android:name="androidx.lifecycle.ProcessLifecycleInitializer"
128-->[androidx.lifecycle:lifecycle-process:2.6.2] AndroidManifest.xml:30:17-78
129                android:value="androidx.startup" />
129-->[androidx.lifecycle:lifecycle-process:2.6.2] AndroidManifest.xml:31:17-49
130            <meta-data
130-->[androidx.profileinstaller:profileinstaller:1.4.0] AndroidManifest.xml:29:13-31:52
131                android:name="androidx.profileinstaller.ProfileInstallerInitializer"
131-->[androidx.profileinstaller:profileinstaller:1.4.0] AndroidManifest.xml:30:17-85
132                android:value="androidx.startup" />
132-->[androidx.profileinstaller:profileinstaller:1.4.0] AndroidManifest.xml:31:17-49
133        </provider>
134
135        <receiver
135-->[androidx.profileinstaller:profileinstaller:1.4.0] AndroidManifest.xml:34:9-52:20
136            android:name="androidx.profileinstaller.ProfileInstallReceiver"
136-->[androidx.profileinstaller:profileinstaller:1.4.0] AndroidManifest.xml:35:13-76
137            android:directBootAware="false"
137-->[androidx.profileinstaller:profileinstaller:1.4.0] AndroidManifest.xml:36:13-44
138            android:enabled="true"
138-->[androidx.profileinstaller:profileinstaller:1.4.0] AndroidManifest.xml:37:13-35
139            android:exported="true"
139-->[androidx.profileinstaller:profileinstaller:1.4.0] AndroidManifest.xml:38:13-36
140            android:permission="android.permission.DUMP" >
140-->[androidx.profileinstaller:profileinstaller:1.4.0] AndroidManifest.xml:39:13-57
141            <intent-filter>
141-->[androidx.profileinstaller:profileinstaller:1.4.0] AndroidManifest.xml:40:13-42:29
142                <action android:name="androidx.profileinstaller.action.INSTALL_PROFILE" />
142-->[androidx.profileinstaller:profileinstaller:1.4.0] AndroidManifest.xml:41:17-91
142-->[androidx.profileinstaller:profileinstaller:1.4.0] AndroidManifest.xml:41:25-88
143            </intent-filter>
144            <intent-filter>
144-->[androidx.profileinstaller:profileinstaller:1.4.0] AndroidManifest.xml:43:13-45:29
145                <action android:name="androidx.profileinstaller.action.SKIP_FILE" />
145-->[androidx.profileinstaller:profileinstaller:1.4.0] AndroidManifest.xml:44:17-85
145-->[androidx.profileinstaller:profileinstaller:1.4.0] AndroidManifest.xml:44:25-82
146            </intent-filter>
147            <intent-filter>
147-->[androidx.profileinstaller:profileinstaller:1.4.0] AndroidManifest.xml:46:13-48:29
148                <action android:name="androidx.profileinstaller.action.SAVE_PROFILE" />
148-->[androidx.profileinstaller:profileinstaller:1.4.0] AndroidManifest.xml:47:17-88
148-->[androidx.profileinstaller:profileinstaller:1.4.0] AndroidManifest.xml:47:25-85
149            </intent-filter>
150            <intent-filter>
150-->[androidx.profileinstaller:profileinstaller:1.4.0] AndroidManifest.xml:49:13-51:29
151                <action android:name="androidx.profileinstaller.action.BENCHMARK_OPERATION" />
151-->[androidx.profileinstaller:profileinstaller:1.4.0] AndroidManifest.xml:50:17-95
151-->[androidx.profileinstaller:profileinstaller:1.4.0] AndroidManifest.xml:50:25-92
152            </intent-filter>
153        </receiver>
154    </application>
155
156</manifest>